<?xml version="1.0" encoding="utf-8"?><testsuites name="pytest tests"><testsuite name="pytest" errors="0" failures="0" skipped="0" tests="16" time="12.921" timestamp="2026-01-23T20:38:44.200706+00:00" hostname="agent-env-b3214838-d0dd-4b0c-9225-d50298c7a90b"><testcase classname="backend.tests.test_email_verification.TestDemoUserLogin" name="test_buyer_demo_login" time="0.730" /><testcase classname="backend.tests.test_email_verification.TestDemoUserLogin" name="test_farmer_demo_login" time="0.676" /><testcase classname="backend.tests.test_email_verification.TestDemoUserLogin" name="test_invalid_credentials" time="0.772" /><testcase classname="backend.tests.test_email_verification.TestEmailVerificationFlow" name="test_register_requires_email_verification" time="0.991" /><testcase classname="backend.tests.test_email_verification.TestEmailVerificationFlow" name="test_login_blocked_for_unverified_user" time="1.251" /><testcase classname="backend.tests.test_email_verification.TestEmailVerificationFlow" name="test_verify_email_endpoint" time="1.272" /><testcase classname="backend.tests.test_email_verification.TestEmailVerificationFlow" name="test_login_after_verification" time="1.707" /><testcase classname="backend.tests.test_email_verification.TestEmailVerificationFlow" name="test_invalid_verification_token" time="0.351" /><testcase classname="backend.tests.test_email_verification.TestEmailVerificationFlow" name="test_resend_verification_email" time="1.130" /><testcase classname="backend.tests.test_email_verification.TestEmailVerificationFlow" name="test_resend_for_verified_user" time="1.580" /><testcase classname="backend.tests.test_email_verification.TestSearchFunctionality" name="test_search_by_query" time="0.402" /><testcase classname="backend.tests.test_email_verification.TestSearchFunctionality" name="test_search_by_category" time="0.458" /><testcase classname="backend.tests.test_email_verification.TestSearchFunctionality" name="test_search_pagination" time="0.348" /><testcase classname="backend.tests.test_email_verification.TestAPIHealth" name="test_api_root" time="0.346" /><testcase classname="backend.tests.test_email_verification.TestAPIHealth" name="test_auctions_list" time="0.467" /><testcase classname="backend.tests.test_email_verification.TestAPIHealth" name="test_categories_list" time="0.346" /></testsuite></testsuites>