<?xml version="1.0" encoding="utf-8"?><testsuites name="pytest tests"><testsuite name="pytest" errors="0" failures="0" skipped="0" tests="16" time="17.222" timestamp="2026-01-23T23:06:51.521695+00:00" hostname="agent-env-b3214838-d0dd-4b0c-9225-d50298c7a90b"><testcase classname="backend.tests.test_delivery_review_ngn.TestDeliveryOptions" name="test_create_auction_with_delivery_options" time="1.519" /><testcase classname="backend.tests.test_delivery_review_ngn.TestDeliveryOptions" name="test_auction_detail_shows_delivery_options" time="0.899" /><testcase classname="backend.tests.test_delivery_review_ngn.TestDeliveryOptions" name="test_buy_now_with_delivery_option" time="2.152" /><testcase classname="backend.tests.test_delivery_review_ngn.TestDeliveryOptions" name="test_buy_now_with_local_pickup" time="1.712" /><testcase classname="backend.tests.test_delivery_review_ngn.TestNGNCurrency" name="test_create_auction_with_ngn_currency" time="1.340" /><testcase classname="backend.tests.test_delivery_review_ngn.TestNGNCurrency" name="test_auction_detail_returns_ngn_currency" time="0.794" /><testcase classname="backend.tests.test_delivery_review_ngn.TestNGNCurrency" name="test_search_auctions_by_currency" time="0.909" /><testcase classname="backend.tests.test_delivery_review_ngn.TestSellerReviewSystem" name="test_get_user_reviews_endpoint" time="1.363" /><testcase classname="backend.tests.test_delivery_review_ngn.TestSellerReviewSystem" name="test_get_seller_reviews_endpoint" time="0.486" /><testcase classname="backend.tests.test_delivery_review_ngn.TestSellerReviewSystem" name="test_get_user_rating_endpoint" time="0.345" /><testcase classname="backend.tests.test_delivery_review_ngn.TestSellerReviewSystem" name="test_confirm_delivery_model_accepts_rating" time="0.340" /><testcase classname="backend.tests.test_delivery_review_ngn.TestSellerReviewSystem" name="test_auction_includes_seller_rating" time="0.798" /><testcase classname="backend.tests.test_delivery_review_ngn.TestCheckoutIntegration" name="test_buy_now_stores_order_details" time="3.687" /><testcase classname="backend.tests.test_delivery_review_ngn.TestAuctionListings" name="test_featured_auctions_include_delivery_options" time="0.449" /><testcase classname="backend.tests.test_delivery_review_ngn.TestAuctionListings" name="test_auctions_list_includes_currency" time="0.348" /><testcase classname="backend.tests.test_delivery_review_ngn.TestCleanup" name="test_cleanup_test_auctions" time="0.000" /></testsuite></testsuites>