<?xml version="1.0" encoding="utf-8"?><testsuites name="pytest tests"><testsuite name="pytest" errors="0" failures="0" skipped="1" tests="18" time="26.242" timestamp="2026-02-04T20:31:03.161140+00:00" hostname="agent-env-80363aae-dfa9-44b4-abd7-daf1110e9b5b"><testcase classname="backend.tests.test_admin_delivery_features.TestAdminLogin" name="test_admin_login_success" time="0.730" /><testcase classname="backend.tests.test_admin_delivery_features.TestAdminManagementEndpoints" name="test_get_admin_users" time="1.120" /><testcase classname="backend.tests.test_admin_delivery_features.TestAdminManagementEndpoints" name="test_create_sub_admin" time="1.681" /><testcase classname="backend.tests.test_admin_delivery_features.TestAdminManagementEndpoints" name="test_create_super_admin" time="1.242" /><testcase classname="backend.tests.test_admin_delivery_features.TestAdminManagementEndpoints" name="test_create_admin_duplicate_email" time="1.175" /><testcase classname="backend.tests.test_admin_delivery_features.TestAdminManagementEndpoints" name="test_update_admin_privileges" time="1.815" /><testcase classname="backend.tests.test_admin_delivery_features.TestAdminManagementEndpoints" name="test_cannot_modify_main_admin" time="2.319" /><testcase classname="backend.tests.test_admin_delivery_features.TestAdminManagementEndpoints" name="test_delete_admin" time="1.724" /><testcase classname="backend.tests.test_admin_delivery_features.TestAdminManagementEndpoints" name="test_cannot_delete_main_admin" time="1.903" /><testcase classname="backend.tests.test_admin_delivery_features.TestSellerPasswordChange" name="test_change_password_endpoint_exists" time="1.562" /><testcase classname="backend.tests.test_admin_delivery_features.TestSellerPasswordChange" name="test_seller_password_change_requires_review" time="1.188" /><testcase classname="backend.tests.test_admin_delivery_features.TestSellerPasswordChange" name="test_buyer_password_change_no_review" time="0.670"><skipped type="pytest.skip" message="Buyer login failed">/app/backend/tests/test_admin_delivery_features.py:333: Buyer login failed</skipped></testcase><testcase classname="backend.tests.test_admin_delivery_features.TestAdminStats" name="test_admin_stats_endpoint" time="1.442" /><testcase classname="backend.tests.test_admin_delivery_features.TestAdminStats" name="test_admin_users_endpoint" time="1.665" /><testcase classname="backend.tests.test_admin_delivery_features.TestAdminStats" name="test_admin_auctions_endpoint" time="1.136" /><testcase classname="backend.tests.test_admin_delivery_features.TestAdminStats" name="test_admin_payouts_endpoint" time="1.041" /><testcase classname="backend.tests.test_admin_delivery_features.TestAdminStats" name="test_admin_escrows_endpoint" time="1.017" /><testcase classname="backend.tests.test_admin_delivery_features.TestSubAdminAccess" name="test_create_and_login_sub_admin" time="2.722" /></testsuite></testsuites>