<?xml version="1.0" encoding="utf-8"?><testsuites name="pytest tests"><testsuite name="pytest" errors="0" failures="0" skipped="0" tests="27" time="17.815" timestamp="2026-01-23T22:26:04.683610+00:00" hostname="agent-env-b3214838-d0dd-4b0c-9225-d50298c7a90b"><testcase classname="backend.tests.test_seller_verification_bulk_export.TestSetup" name="test_create_admin_user" time="1.033" /><testcase classname="backend.tests.test_seller_verification_bulk_export.TestSellerVerification" name="test_verify_seller_endpoint" time="1.791" /><testcase classname="backend.tests.test_seller_verification_bulk_export.TestSellerVerification" name="test_unverify_seller_endpoint" time="0.771" /><testcase classname="backend.tests.test_seller_verification_bulk_export.TestSellerVerification" name="test_verify_non_farmer_fails" time="1.121" /><testcase classname="backend.tests.test_seller_verification_bulk_export.TestSellerVerification" name="test_verify_requires_admin" time="0.458" /><testcase classname="backend.tests.test_seller_verification_bulk_export.TestAuctionSellerVerifiedField" name="test_auctions_list_has_seller_verified" time="0.373" /><testcase classname="backend.tests.test_seller_verification_bulk_export.TestAuctionSellerVerifiedField" name="test_featured_auctions_has_seller_verified" time="0.449" /><testcase classname="backend.tests.test_seller_verification_bulk_export.TestAuctionSellerVerifiedField" name="test_search_auctions_has_seller_verified" time="0.460" /><testcase classname="backend.tests.test_seller_verification_bulk_export.TestBulkUserOperations" name="test_bulk_verify_users" time="1.812" /><testcase classname="backend.tests.test_seller_verification_bulk_export.TestBulkUserOperations" name="test_bulk_deactivate_users" time="0.349" /><testcase classname="backend.tests.test_seller_verification_bulk_export.TestBulkUserOperations" name="test_bulk_activate_users" time="0.353" /><testcase classname="backend.tests.test_seller_verification_bulk_export.TestBulkUserOperations" name="test_bulk_invalid_action_fails" time="0.345" /><testcase classname="backend.tests.test_seller_verification_bulk_export.TestBulkPayoutOperations" name="test_bulk_approve_payouts" time="1.362" /><testcase classname="backend.tests.test_seller_verification_bulk_export.TestBulkPayoutOperations" name="test_bulk_reject_payouts" time="0.659" /><testcase classname="backend.tests.test_seller_verification_bulk_export.TestBulkPayoutOperations" name="test_bulk_invalid_payout_action_fails" time="0.351" /><testcase classname="backend.tests.test_seller_verification_bulk_export.TestExportEndpoints" name="test_export_users_json" time="1.019" /><testcase classname="backend.tests.test_seller_verification_bulk_export.TestExportEndpoints" name="test_export_users_csv" time="0.347" /><testcase classname="backend.tests.test_seller_verification_bulk_export.TestExportEndpoints" name="test_export_auctions_json" time="0.352" /><testcase classname="backend.tests.test_seller_verification_bulk_export.TestExportEndpoints" name="test_export_auctions_csv" time="0.451" /><testcase classname="backend.tests.test_seller_verification_bulk_export.TestExportEndpoints" name="test_export_transactions_json" time="0.672" /><testcase classname="backend.tests.test_seller_verification_bulk_export.TestExportEndpoints" name="test_export_transactions_csv" time="0.449" /><testcase classname="backend.tests.test_seller_verification_bulk_export.TestExportEndpoints" name="test_export_requires_admin" time="1.041" /><testcase classname="backend.tests.test_seller_verification_bulk_export.TestPWAManifest" name="test_manifest_accessible" time="0.346" /><testcase classname="backend.tests.test_seller_verification_bulk_export.TestPWAManifest" name="test_manifest_has_required_fields" time="0.348" /><testcase classname="backend.tests.test_seller_verification_bulk_export.TestPWAManifest" name="test_manifest_has_icons" time="0.343" /><testcase classname="backend.tests.test_seller_verification_bulk_export.TestPWAManifest" name="test_manifest_display_standalone" time="0.348" /><testcase classname="backend.tests.test_seller_verification_bulk_export.TestPWAManifest" name="test_manifest_has_theme_color" time="0.349" /></testsuite></testsuites>