<?xml version="1.0" encoding="utf-8"?><testsuites name="pytest tests"><testsuite name="pytest" errors="0" failures="0" skipped="0" tests="10" time="11.219" timestamp="2026-02-04T21:31:27.499094+00:00" hostname="agent-env-80363aae-dfa9-44b4-abd7-daf1110e9b5b"><testcase classname="backend.tests.test_buyer_cancel_seller_rating.TestBuyerCancelOrder" name="test_buyer_login" time="0.733" /><testcase classname="backend.tests.test_buyer_cancel_seller_rating.TestBuyerCancelOrder" name="test_buyer_cancel_endpoint_exists" time="1.421" /><testcase classname="backend.tests.test_buyer_cancel_seller_rating.TestBuyerCancelOrder" name="test_buyer_cancel_requires_auth" time="0.763" /><testcase classname="backend.tests.test_buyer_cancel_seller_rating.TestBuyerCancelOrder" name="test_buyer_cancel_wrong_winner" time="1.737" /><testcase classname="backend.tests.test_buyer_cancel_seller_rating.TestBuyerCancelOrder" name="test_buyer_won_auctions_endpoint" time="1.002" /><testcase classname="backend.tests.test_buyer_cancel_seller_rating.TestSellerRatingDisplay" name="test_auctions_include_seller_rating" time="0.474" /><testcase classname="backend.tests.test_buyer_cancel_seller_rating.TestSellerRatingDisplay" name="test_auction_detail_includes_seller_rating" time="0.775" /><testcase classname="backend.tests.test_buyer_cancel_seller_rating.TestSellerRatingDisplay" name="test_seller_reviews_endpoint" time="0.989" /><testcase classname="backend.tests.test_buyer_cancel_seller_rating.TestBuyerDashboardWonAuctions" name="test_buyer_dashboard_data" time="2.275" /><testcase classname="backend.tests.test_buyer_cancel_seller_rating.TestBuyerDashboardWonAuctions" name="test_won_auctions_have_cancel_eligibility" time="0.990" /></testsuite></testsuites>