<?xml version="1.0" encoding="utf-8"?><testsuites name="pytest tests"><testsuite name="pytest" errors="0" failures="3" skipped="0" tests="25" time="27.450" timestamp="2026-01-23T00:35:46.414905+00:00" hostname="agent-env-e3888bff-c973-4fbc-aafd-07aee3cf46ca"><testcase classname="backend.tests.test_jarnnmarket_features.TestHealthAndBasics" name="test_api_root" time="0.478" /><testcase classname="backend.tests.test_jarnnmarket_features.TestHealthAndBasics" name="test_auctions_list" time="0.450" /><testcase classname="backend.tests.test_jarnnmarket_features.TestHealthAndBasics" name="test_categories" time="0.449" /><testcase classname="backend.tests.test_jarnnmarket_features.TestAuthentication" name="test_farmer_login" time="0.671" /><testcase classname="backend.tests.test_jarnnmarket_features.TestAuthentication" name="test_buyer_login" time="0.885" /><testcase classname="backend.tests.test_jarnnmarket_features.TestAuthentication" name="test_invalid_login" time="0.442" /><testcase classname="backend.tests.test_jarnnmarket_features.TestPhoneVerification" name="test_send_verification_code" time="1.015" /><testcase classname="backend.tests.test_jarnnmarket_features.TestPhoneVerification" name="test_verify_phone_invalid_code" time="1.151" /><testcase classname="backend.tests.test_jarnnmarket_features.TestAuctionCreation" name="test_create_auction_with_buy_now_only" time="0.913" /><testcase classname="backend.tests.test_jarnnmarket_features.TestAuctionCreation" name="test_create_auction_with_accepts_offers" time="1.343" /><testcase classname="backend.tests.test_jarnnmarket_features.TestAuctionCreation" name="test_buy_now_only_requires_price" time="1.124" /><testcase classname="backend.tests.test_jarnnmarket_features.TestBidRejectionOnBuyNowOnly" name="test_bid_rejected_on_buy_now_only" time="1.516"><failure message="assert 520 == 400&#10; +  where 520 = &lt;Response [520]&gt;.status_code">backend/tests/test_jarnnmarket_features.py:266: in test_bid_rejected_on_buy_now_only
    assert response.status_code == 400
E   assert 520 == 400
E    +  where 520 = &lt;Response [520]&gt;.status_code</failure></testcase><testcase classname="backend.tests.test_jarnnmarket_features.TestMakeOfferFeature" name="test_make_offer_on_accepts_offers_auction" time="2.027" /><testcase classname="backend.tests.test_jarnnmarket_features.TestMakeOfferFeature" name="test_offer_rejected_on_non_accepting_auction" time="1.888" /><testcase classname="backend.tests.test_jarnnmarket_features.TestMakeOfferFeature" name="test_get_auction_offers_seller_only" time="3.178" /><testcase classname="backend.tests.test_jarnnmarket_features.TestPayoutSystem" name="test_get_payouts" time="0.914" /><testcase classname="backend.tests.test_jarnnmarket_features.TestPayoutSystem" name="test_request_payout_invalid_escrow" time="1.028" /><testcase classname="backend.tests.test_jarnnmarket_features.TestPayoutSystem" name="test_get_escrows" time="1.345" /><testcase classname="backend.tests.test_jarnnmarket_features.TestImageUploadValidation" name="test_image_upload_requires_auth" time="0.346" /><testcase classname="backend.tests.test_jarnnmarket_features.TestImageUploadValidation" name="test_image_upload_rejects_small_file" time="1.352" /><testcase classname="backend.tests.test_jarnnmarket_features.TestAuctionDetailFields" name="test_auction_has_new_fields" time="0.761"><failure message="AssertionError: assert ('buy_now_only' in {'bid_count': 4, 'buy_now_price': 180.0, 'category': 'Fruits', 'created_at': '2026-01-22T23:43:58.281253+00:00', ...} or None is not None)&#10; +  where None = &lt;built-in method get of dict object at 0xfca0507b6340&gt;('buy_now_only')&#10; +    where &lt;built-in method get of dict object at 0xfca0507b6340&gt; = {'bid_count': 4, 'buy_now_price': 180.0, 'category': 'Fruits', 'created_at': '2026-01-22T23:43:58.281253+00:00', ...}.get">backend/tests/test_jarnnmarket_features.py:498: in test_auction_has_new_fields
    assert "buy_now_only" in auction or auction.get("buy_now_only") is not None
E   AssertionError: assert ('buy_now_only' in {'bid_count': 4, 'buy_now_price': 180.0, 'category': 'Fruits', 'created_at': '2026-01-22T23:43:58.281253+00:00', ...} or None is not None)
E    +  where None = &lt;built-in method get of dict object at 0xfca0507b6340&gt;('buy_now_only')
E    +    where &lt;built-in method get of dict object at 0xfca0507b6340&gt; = {'bid_count': 4, 'buy_now_price': 180.0, 'category': 'Fruits', 'created_at': '2026-01-22T23:43:58.281253+00:00', ...}.get</failure></testcase><testcase classname="backend.tests.test_jarnnmarket_features.TestAuctionDetailFields" name="test_single_auction_detail" time="0.696"><failure message="AssertionError: Missing field: buy_now_only&#10;assert 'buy_now_only' in {'bid_count': 4, 'buy_now_price': 180.0, 'category': 'Fruits', 'created_at': '2026-01-22T23:43:58.281253+00:00', ...}">backend/tests/test_jarnnmarket_features.py:522: in test_single_auction_detail
    assert field in data, f"Missing field: {field}"
E   AssertionError: Missing field: buy_now_only
E   assert 'buy_now_only' in {'bid_count': 4, 'buy_now_price': 180.0, 'category': 'Fruits', 'created_at': '2026-01-22T23:43:58.281253+00:00', ...}</failure></testcase><testcase classname="backend.tests.test_jarnnmarket_features.TestBuyerOnlyEndpoints" name="test_get_my_offers" time="1.109" /><testcase classname="backend.tests.test_jarnnmarket_features.TestBuyerOnlyEndpoints" name="test_get_my_bids" time="1.223" /><testcase classname="backend.tests.test_jarnnmarket_features.TestBuyerOnlyEndpoints" name="test_get_won_auctions" time="1.025" /></testsuite></testsuites>