<?xml version="1.0" encoding="utf-8"?><testsuites name="pytest tests"><testsuite name="pytest" errors="0" failures="0" skipped="0" tests="12" time="10.923" timestamp="2026-02-02T20:48:40.102751+00:00" hostname="agent-env-80363aae-dfa9-44b4-abd7-daf1110e9b5b"><testcase classname="backend.tests.test_cancel_order.TestCancelOrderEndpoints" name="test_seller_login" time="0.776" /><testcase classname="backend.tests.test_cancel_order.TestCancelOrderEndpoints" name="test_buyer_login" time="0.989" /><testcase classname="backend.tests.test_cancel_order.TestCancelOrderEndpoints" name="test_admin_login" time="0.672" /><testcase classname="backend.tests.test_cancel_order.TestCancelOrderEndpoints" name="test_seller_cancel_order_endpoint_exists" time="1.334" /><testcase classname="backend.tests.test_cancel_order.TestCancelOrderEndpoints" name="test_buyer_cancel_order_endpoint_exists" time="1.334" /><testcase classname="backend.tests.test_cancel_order.TestCancelOrderEndpoints" name="test_admin_cancel_order_endpoint_exists" time="1.137" /><testcase classname="backend.tests.test_cancel_order.TestCancelOrderEndpoints" name="test_seller_cancel_requires_auth" time="0.451" /><testcase classname="backend.tests.test_cancel_order.TestCancelOrderEndpoints" name="test_buyer_cancel_requires_auth" time="0.452" /><testcase classname="backend.tests.test_cancel_order.TestCancelOrderEndpoints" name="test_admin_cancel_requires_auth" time="0.447" /><testcase classname="backend.tests.test_cancel_order.TestCancelOrderEndpoints" name="test_seller_cannot_cancel_others_auction" time="1.228" /><testcase classname="backend.tests.test_cancel_order.TestCancelOrderEndpoints" name="test_get_seller_auctions" time="1.666" /><testcase classname="backend.tests.test_cancel_order.TestRoleSelectionUI" name="test_auth_page_accessible" time="0.373" /></testsuite></testsuites>