<?xml version="1.0" encoding="utf-8"?><testsuites name="pytest tests"><testsuite name="pytest" errors="0" failures="1" skipped="0" tests="17" time="13.086" timestamp="2026-01-23T21:59:17.739049+00:00" hostname="agent-env-b3214838-d0dd-4b0c-9225-d50298c7a90b"><testcase classname="backend.tests.test_admin_analytics_help.TestAdminEndpoints" name="test_admin_stats_requires_auth" time="0.496" /><testcase classname="backend.tests.test_admin_analytics_help.TestAdminEndpoints" name="test_admin_stats_denies_non_admin" time="1.348" /><testcase classname="backend.tests.test_admin_analytics_help.TestAdminEndpoints" name="test_admin_users_requires_auth" time="0.447" /><testcase classname="backend.tests.test_admin_analytics_help.TestAdminEndpoints" name="test_admin_users_denies_non_admin" time="1.350" /><testcase classname="backend.tests.test_admin_analytics_help.TestAdminEndpoints" name="test_admin_auctions_requires_auth" time="0.767" /><testcase classname="backend.tests.test_admin_analytics_help.TestAdminEndpoints" name="test_admin_auctions_denies_non_admin" time="1.024" /><testcase classname="backend.tests.test_admin_analytics_help.TestAdminEndpoints" name="test_admin_payouts_requires_auth" time="0.363" /><testcase classname="backend.tests.test_admin_analytics_help.TestAdminEndpoints" name="test_admin_payouts_denies_non_admin" time="1.332" /><testcase classname="backend.tests.test_admin_analytics_help.TestSellerAnalytics" name="test_seller_analytics_requires_auth" time="0.448" /><testcase classname="backend.tests.test_admin_analytics_help.TestSellerAnalytics" name="test_seller_analytics_denies_buyer" time="1.121" /><testcase classname="backend.tests.test_admin_analytics_help.TestSellerAnalytics" name="test_seller_analytics_returns_data_for_farmer" time="1.341" /><testcase classname="backend.tests.test_admin_analytics_help.TestDemoUserLogin" name="test_farmer_login" time="0.672" /><testcase classname="backend.tests.test_admin_analytics_help.TestDemoUserLogin" name="test_buyer_login" time="0.694" /><testcase classname="backend.tests.test_admin_analytics_help.TestDemoUserLogin" name="test_invalid_credentials" time="0.457" /><testcase classname="backend.tests.test_admin_analytics_help.TestAPIEndpoints" name="test_api_root" time="0.342" /><testcase classname="backend.tests.test_admin_analytics_help.TestAPIEndpoints" name="test_auctions_list" time="0.460" /><testcase classname="backend.tests.test_admin_analytics_help.TestAPIEndpoints" name="test_categories_list" time="0.339"><failure message="assert 404 == 200&#10; +  where 404 = &lt;Response [404]&gt;.status_code">backend/tests/test_admin_analytics_help.py:212: in test_categories_list
    assert response.status_code == 200
E   assert 404 == 200
E    +  where 404 = &lt;Response [404]&gt;.status_code</failure></testcase></testsuite></testsuites>