<?xml version="1.0" encoding="utf-8"?><testsuites name="pytest tests"><testsuite name="pytest" errors="0" failures="0" skipped="1" tests="12" time="12.635" timestamp="2026-01-26T16:04:15.888152+00:00" hostname="agent-env-2c31dbe2-ffdd-47cf-a84c-d5c4e5227d46"><testcase classname="backend.tests.test_bank_details.TestFarmerRegistrationWithBankDetails" name="test_farmer_registration_with_valid_bank_details" time="1.102" /><testcase classname="backend.tests.test_bank_details.TestFarmerRegistrationWithBankDetails" name="test_farmer_registration_without_bank_details" time="0.836" /><testcase classname="backend.tests.test_bank_details.TestBuyerRegistration" name="test_buyer_registration_without_bank_details" time="0.740" /><testcase classname="backend.tests.test_bank_details.TestBankDetailsValidation" name="test_invalid_account_number_length" time="1.024" /><testcase classname="backend.tests.test_bank_details.TestBankDetailsValidation" name="test_invalid_nin_length" time="1.030" /><testcase classname="backend.tests.test_bank_details.TestBankDetailsValidation" name="test_non_numeric_account_number" time="1.144" /><testcase classname="backend.tests.test_bank_details.TestGetAuthMeWithBankDetails" name="test_farmer_auth_me_returns_bank_details" time="1.020" /><testcase classname="backend.tests.test_bank_details.TestGetAuthMeWithBankDetails" name="test_buyer_auth_me_does_not_return_bank_details" time="1.362" /><testcase classname="backend.tests.test_bank_details.TestUpdatePayoutDetails" name="test_farmer_can_update_payout_details" time="1.592" /><testcase classname="backend.tests.test_bank_details.TestUpdatePayoutDetails" name="test_buyer_cannot_update_payout_details" time="1.040" /><testcase classname="backend.tests.test_bank_details.TestUpdatePayoutDetails" name="test_unauthenticated_cannot_update_payout_details" time="0.783" /><testcase classname="backend.tests.test_bank_details.TestFullFarmerRegistrationFlow" name="test_full_farmer_registration_and_verify_flow" time="0.896"><skipped type="pytest.skip" message="Email is in real mode - cannot complete verification flow without real email">/app/backend/tests/test_bank_details.py:342: Email is in real mode - cannot complete verification flow without real email</skipped></testcase></testsuite></testsuites>